mode: set
github.com/eqlabs/sprawl/api/server.go:12.13,16.16 3 0
github.com/eqlabs/sprawl/api/server.go:20.2,26.14 4 0
github.com/eqlabs/sprawl/api/server.go:16.16,18.3 1 0
github.com/eqlabs/sprawl/api/service.go:9.88,14.2 1 1
github.com/eqlabs/sprawl/api/service.pb.go:35.33,35.49 1 1
github.com/eqlabs/sprawl/api/service.pb.go:36.33,36.70 1 0
github.com/eqlabs/sprawl/api/service.pb.go:37.34,37.35 0 0
github.com/eqlabs/sprawl/api/service.pb.go:38.44,40.2 1 0
github.com/eqlabs/sprawl/api/service.pb.go:42.47,44.2 1 1
github.com/eqlabs/sprawl/api/service.pb.go:45.75,47.2 1 1
github.com/eqlabs/sprawl/api/service.pb.go:48.46,50.2 1 0
github.com/eqlabs/sprawl/api/service.pb.go:51.32,53.2 1 1
github.com/eqlabs/sprawl/api/service.pb.go:54.38,56.2 1 0
github.com/eqlabs/sprawl/api/service.pb.go:60.32,61.14 1 0
github.com/eqlabs/sprawl/api/service.pb.go:64.2,64.10 1 0
github.com/eqlabs/sprawl/api/service.pb.go:61.14,63.3 1 0
github.com/eqlabs/sprawl/api/service.pb.go:75.42,75.67 1 1
github.com/eqlabs/sprawl/api/service.pb.go:76.42,76.79 1 1
github.com/eqlabs/sprawl/api/service.pb.go:77.43,77.44 0 0
github.com/eqlabs/sprawl/api/service.pb.go:78.53,80.2 1 0
github.com/eqlabs/sprawl/api/service.pb.go:82.56,84.2 1 1
github.com/eqlabs/sprawl/api/service.pb.go:85.84,87.2 1 1
github.com/eqlabs/sprawl/api/service.pb.go:88.55,90.2 1 0
github.com/eqlabs/sprawl/api/service.pb.go:91.41,93.2 1 1
github.com/eqlabs/sprawl/api/service.pb.go:94.47,96.2 1 0
github.com/eqlabs/sprawl/api/service.pb.go:100.51,101.14 1 0
github.com/eqlabs/sprawl/api/service.pb.go:104.2,104.12 1 0
github.com/eqlabs/sprawl/api/service.pb.go:101.14,103.3 1 0
github.com/eqlabs/sprawl/api/service.pb.go:107.44,108.14 1 0
github.com/eqlabs/sprawl/api/service.pb.go:111.2,111.12 1 0
github.com/eqlabs/sprawl/api/service.pb.go:108.14,110.3 1 0
github.com/eqlabs/sprawl/api/service.pb.go:122.33,122.49 1 0
github.com/eqlabs/sprawl/api/service.pb.go:123.33,123.70 1 0
github.com/eqlabs/sprawl/api/service.pb.go:124.34,124.35 0 0
github.com/eqlabs/sprawl/api/service.pb.go:125.44,127.2 1 0
github.com/eqlabs/sprawl/api/service.pb.go:129.47,131.2 1 0
github.com/eqlabs/sprawl/api/service.pb.go:132.75,134.2 1 0
github.com/eqlabs/sprawl/api/service.pb.go:135.46,137.2 1 0
github.com/eqlabs/sprawl/api/service.pb.go:138.32,140.2 1 0
github.com/eqlabs/sprawl/api/service.pb.go:141.38,143.2 1 0
github.com/eqlabs/sprawl/api/service.pb.go:147.34,148.14 1 0
github.com/eqlabs/sprawl/api/service.pb.go:151.2,151.11 1 0
github.com/eqlabs/sprawl/api/service.pb.go:148.14,150.3 1 0
github.com/eqlabs/sprawl/api/service.pb.go:154.37,155.14 1 0
github.com/eqlabs/sprawl/api/service.pb.go:158.2,158.11 1 0
github.com/eqlabs/sprawl/api/service.pb.go:155.14,157.3 1 0
github.com/eqlabs/sprawl/api/service.pb.go:161.13,165.2 3 1
github.com/eqlabs/sprawl/api/service.pb.go:167.13,167.85 1 1
github.com/eqlabs/sprawl/api/service.pb.go:206.68,208.2 1 1
github.com/eqlabs/sprawl/api/service.pb.go:210.119,213.16 3 1
github.com/eqlabs/sprawl/api/service.pb.go:216.2,216.17 1 1
github.com/eqlabs/sprawl/api/service.pb.go:213.16,215.3 1 0
github.com/eqlabs/sprawl/api/service.pb.go:228.106,230.2 1 0
github.com/eqlabs/sprawl/api/service.pb.go:232.73,234.2 1 1
github.com/eqlabs/sprawl/api/service.pb.go:236.164,238.32 2 1
github.com/eqlabs/sprawl/api/service.pb.go:241.2,241.24 1 1
github.com/eqlabs/sprawl/api/service.pb.go:244.2,248.77 2 0
github.com/eqlabs/sprawl/api/service.pb.go:251.2,251.44 1 0
github.com/eqlabs/sprawl/api/service.pb.go:238.32,240.3 1 0
github.com/eqlabs/sprawl/api/service.pb.go:241.24,243.3 1 1
github.com/eqlabs/sprawl/api/service.pb.go:248.77,250.3 1 0
