mode: set
github.com/eqlabs/sprawl/db/storage.go:17.50,19.2 1 1
github.com/eqlabs/sprawl/db/storage.go:22.37,25.2 2 1
github.com/eqlabs/sprawl/db/storage.go:28.57,30.2 1 1
github.com/eqlabs/sprawl/db/storage.go:33.60,35.2 1 1
github.com/eqlabs/sprawl/db/storage.go:38.50,40.2 1 1
github.com/eqlabs/sprawl/api/server.go:12.23,15.16 2 0
github.com/eqlabs/sprawl/api/server.go:19.2,25.14 4 0
github.com/eqlabs/sprawl/api/server.go:15.16,17.3 1 0
github.com/eqlabs/sprawl/api/service.go:15.13,19.2 2 1
github.com/eqlabs/sprawl/api/service.go:27.96,56.16 8 1
github.com/eqlabs/sprawl/api/service.go:61.2,62.16 2 1
github.com/eqlabs/sprawl/api/service.go:70.2,73.8 1 1
github.com/eqlabs/sprawl/api/service.go:56.16,57.13 1 0
github.com/eqlabs/sprawl/api/service.go:62.16,63.13 1 0
github.com/eqlabs/sprawl/api/service.go:77.104,80.16 2 1
github.com/eqlabs/sprawl/api/service.go:86.2,88.8 1 1
github.com/eqlabs/sprawl/api/service.go:80.16,81.13 1 0
github.com/eqlabs/sprawl/api/service.go:92.102,99.2 1 0
github.com/eqlabs/sprawl/api/service.go:102.104,109.2 1 0
github.com/eqlabs/sprawl/api/service.go:112.86,119.2 1 0
github.com/eqlabs/sprawl/api/service.go:122.90,129.2 1 0
github.com/eqlabs/sprawl/api/service.pb.go:45.32,47.2 1 0
github.com/eqlabs/sprawl/api/service.pb.go:49.47,51.2 1 0
github.com/eqlabs/sprawl/api/service.pb.go:66.33,66.49 1 0
github.com/eqlabs/sprawl/api/service.pb.go:67.33,67.70 1 0
github.com/eqlabs/sprawl/api/service.pb.go:68.34,68.35 0 0
github.com/eqlabs/sprawl/api/service.pb.go:69.44,71.2 1 0
github.com/eqlabs/sprawl/api/service.pb.go:73.47,75.2 1 0
github.com/eqlabs/sprawl/api/service.pb.go:76.75,78.2 1 1
github.com/eqlabs/sprawl/api/service.pb.go:79.46,81.2 1 0
github.com/eqlabs/sprawl/api/service.pb.go:82.32,84.2 1 1
github.com/eqlabs/sprawl/api/service.pb.go:85.38,87.2 1 0
github.com/eqlabs/sprawl/api/service.pb.go:91.32,92.14 1 1
github.com/eqlabs/sprawl/api/service.pb.go:95.2,95.12 1 0
github.com/eqlabs/sprawl/api/service.pb.go:92.14,94.3 1 1
github.com/eqlabs/sprawl/api/service.pb.go:98.51,99.14 1 0
github.com/eqlabs/sprawl/api/service.pb.go:102.2,102.12 1 0
github.com/eqlabs/sprawl/api/service.pb.go:99.14,101.3 1 0
github.com/eqlabs/sprawl/api/service.pb.go:105.35,106.14 1 0
github.com/eqlabs/sprawl/api/service.pb.go:109.2,109.12 1 0
github.com/eqlabs/sprawl/api/service.pb.go:106.14,108.3 1 0
github.com/eqlabs/sprawl/api/service.pb.go:112.42,113.14 1 0
github.com/eqlabs/sprawl/api/service.pb.go:116.2,116.12 1 0
github.com/eqlabs/sprawl/api/service.pb.go:113.14,115.3 1 0
github.com/eqlabs/sprawl/api/service.pb.go:119.36,120.14 1 0
github.com/eqlabs/sprawl/api/service.pb.go:123.2,123.10 1 0
github.com/eqlabs/sprawl/api/service.pb.go:120.14,122.3 1 0
github.com/eqlabs/sprawl/api/service.pb.go:126.36,127.14 1 0
github.com/eqlabs/sprawl/api/service.pb.go:130.2,130.10 1 0
github.com/eqlabs/sprawl/api/service.pb.go:127.14,129.3 1 0
github.com/eqlabs/sprawl/api/service.pb.go:133.34,134.14 1 0
github.com/eqlabs/sprawl/api/service.pb.go:137.2,137.19 1 0
github.com/eqlabs/sprawl/api/service.pb.go:134.14,136.3 1 0
github.com/eqlabs/sprawl/api/service.pb.go:147.35,147.53 1 0
github.com/eqlabs/sprawl/api/service.pb.go:148.35,148.72 1 0
github.com/eqlabs/sprawl/api/service.pb.go:149.36,149.37 0 0
github.com/eqlabs/sprawl/api/service.pb.go:150.46,152.2 1 0
github.com/eqlabs/sprawl/api/service.pb.go:154.49,156.2 1 0
github.com/eqlabs/sprawl/api/service.pb.go:157.77,159.2 1 0
github.com/eqlabs/sprawl/api/service.pb.go:160.48,162.2 1 0
github.com/eqlabs/sprawl/api/service.pb.go:163.34,165.2 1 0
github.com/eqlabs/sprawl/api/service.pb.go:166.40,168.2 1 0
github.com/eqlabs/sprawl/api/service.pb.go:172.34,173.14 1 0
github.com/eqlabs/sprawl/api/service.pb.go:176.2,176.12 1 0
github.com/eqlabs/sprawl/api/service.pb.go:173.14,175.3 1 0
github.com/eqlabs/sprawl/api/service.pb.go:189.41,189.65 1 1
github.com/eqlabs/sprawl/api/service.pb.go:190.41,190.78 1 1
github.com/eqlabs/sprawl/api/service.pb.go:191.42,191.43 0 0
github.com/eqlabs/sprawl/api/service.pb.go:192.52,194.2 1 0
github.com/eqlabs/sprawl/api/service.pb.go:196.55,198.2 1 1
github.com/eqlabs/sprawl/api/service.pb.go:199.83,201.2 1 1
github.com/eqlabs/sprawl/api/service.pb.go:202.54,204.2 1 0
github.com/eqlabs/sprawl/api/service.pb.go:205.40,207.2 1 1
github.com/eqlabs/sprawl/api/service.pb.go:208.46,210.2 1 0
github.com/eqlabs/sprawl/api/service.pb.go:214.43,215.14 1 0
github.com/eqlabs/sprawl/api/service.pb.go:218.2,218.12 1 0
github.com/eqlabs/sprawl/api/service.pb.go:215.14,217.3 1 0
github.com/eqlabs/sprawl/api/service.pb.go:221.50,222.14 1 0
github.com/eqlabs/sprawl/api/service.pb.go:225.2,225.12 1 0
github.com/eqlabs/sprawl/api/service.pb.go:222.14,224.3 1 0
github.com/eqlabs/sprawl/api/service.pb.go:228.44,229.14 1 0
github.com/eqlabs/sprawl/api/service.pb.go:232.2,232.10 1 0
github.com/eqlabs/sprawl/api/service.pb.go:229.14,231.3 1 0
github.com/eqlabs/sprawl/api/service.pb.go:235.44,236.14 1 0
github.com/eqlabs/sprawl/api/service.pb.go:239.2,239.10 1 0
github.com/eqlabs/sprawl/api/service.pb.go:236.14,238.3 1 0
github.com/eqlabs/sprawl/api/service.pb.go:249.48,249.79 1 1
github.com/eqlabs/sprawl/api/service.pb.go:250.48,250.85 1 0
github.com/eqlabs/sprawl/api/service.pb.go:251.49,251.50 0 0
github.com/eqlabs/sprawl/api/service.pb.go:252.59,254.2 1 0
github.com/eqlabs/sprawl/api/service.pb.go:256.62,258.2 1 1
github.com/eqlabs/sprawl/api/service.pb.go:259.90,261.2 1 1
github.com/eqlabs/sprawl/api/service.pb.go:262.61,264.2 1 0
github.com/eqlabs/sprawl/api/service.pb.go:265.47,267.2 1 1
github.com/eqlabs/sprawl/api/service.pb.go:268.53,270.2 1 0
github.com/eqlabs/sprawl/api/service.pb.go:274.47,275.14 1 1
github.com/eqlabs/sprawl/api/service.pb.go:278.2,278.12 1 0
github.com/eqlabs/sprawl/api/service.pb.go:275.14,277.3 1 1
github.com/eqlabs/sprawl/api/service.pb.go:289.42,289.67 1 1
github.com/eqlabs/sprawl/api/service.pb.go:290.42,290.79 1 1
github.com/eqlabs/sprawl/api/service.pb.go:291.43,291.44 0 0
github.com/eqlabs/sprawl/api/service.pb.go:292.53,294.2 1 0
github.com/eqlabs/sprawl/api/service.pb.go:296.56,298.2 1 1
github.com/eqlabs/sprawl/api/service.pb.go:299.84,301.2 1 1
github.com/eqlabs/sprawl/api/service.pb.go:302.55,304.2 1 0
github.com/eqlabs/sprawl/api/service.pb.go:305.41,307.2 1 1
github.com/eqlabs/sprawl/api/service.pb.go:308.47,310.2 1 0
github.com/eqlabs/sprawl/api/service.pb.go:314.51,315.14 1 1
github.com/eqlabs/sprawl/api/service.pb.go:318.2,318.12 1 0
github.com/eqlabs/sprawl/api/service.pb.go:315.14,317.3 1 1
github.com/eqlabs/sprawl/api/service.pb.go:321.44,322.14 1 0
github.com/eqlabs/sprawl/api/service.pb.go:325.2,325.12 1 0
github.com/eqlabs/sprawl/api/service.pb.go:322.14,324.3 1 0
github.com/eqlabs/sprawl/api/service.pb.go:336.40,336.63 1 0
github.com/eqlabs/sprawl/api/service.pb.go:337.40,337.77 1 0
github.com/eqlabs/sprawl/api/service.pb.go:338.41,338.42 0 0
github.com/eqlabs/sprawl/api/service.pb.go:339.51,341.2 1 0
github.com/eqlabs/sprawl/api/service.pb.go:343.54,345.2 1 0
github.com/eqlabs/sprawl/api/service.pb.go:346.82,348.2 1 0
github.com/eqlabs/sprawl/api/service.pb.go:349.53,351.2 1 0
github.com/eqlabs/sprawl/api/service.pb.go:352.39,354.2 1 0
github.com/eqlabs/sprawl/api/service.pb.go:355.45,357.2 1 0
github.com/eqlabs/sprawl/api/service.pb.go:361.52,362.14 1 0
github.com/eqlabs/sprawl/api/service.pb.go:365.2,365.12 1 0
github.com/eqlabs/sprawl/api/service.pb.go:362.14,364.3 1 0
github.com/eqlabs/sprawl/api/service.pb.go:368.42,369.14 1 0
github.com/eqlabs/sprawl/api/service.pb.go:372.2,372.12 1 0
github.com/eqlabs/sprawl/api/service.pb.go:369.14,371.3 1 0
github.com/eqlabs/sprawl/api/service.pb.go:382.43,382.69 1 1
github.com/eqlabs/sprawl/api/service.pb.go:383.43,383.80 1 0
github.com/eqlabs/sprawl/api/service.pb.go:384.44,384.45 0 0
github.com/eqlabs/sprawl/api/service.pb.go:385.54,387.2 1 0
github.com/eqlabs/sprawl/api/service.pb.go:389.57,391.2 1 1
github.com/eqlabs/sprawl/api/service.pb.go:392.85,394.2 1 1
github.com/eqlabs/sprawl/api/service.pb.go:395.56,397.2 1 0
github.com/eqlabs/sprawl/api/service.pb.go:398.42,400.2 1 1
github.com/eqlabs/sprawl/api/service.pb.go:401.48,403.2 1 0
github.com/eqlabs/sprawl/api/service.pb.go:407.45,408.14 1 0
github.com/eqlabs/sprawl/api/service.pb.go:411.2,411.12 1 0
github.com/eqlabs/sprawl/api/service.pb.go:408.14,410.3 1 0
github.com/eqlabs/sprawl/api/service.pb.go:422.33,422.49 1 0
github.com/eqlabs/sprawl/api/service.pb.go:423.33,423.70 1 0
github.com/eqlabs/sprawl/api/service.pb.go:424.34,424.35 0 0
github.com/eqlabs/sprawl/api/service.pb.go:425.44,427.2 1 0
github.com/eqlabs/sprawl/api/service.pb.go:429.47,431.2 1 0
github.com/eqlabs/sprawl/api/service.pb.go:432.75,434.2 1 0
github.com/eqlabs/sprawl/api/service.pb.go:435.46,437.2 1 0
github.com/eqlabs/sprawl/api/service.pb.go:438.32,440.2 1 0
github.com/eqlabs/sprawl/api/service.pb.go:441.38,443.2 1 0
github.com/eqlabs/sprawl/api/service.pb.go:447.34,448.14 1 0
github.com/eqlabs/sprawl/api/service.pb.go:451.2,451.11 1 0
github.com/eqlabs/sprawl/api/service.pb.go:448.14,450.3 1 0
github.com/eqlabs/sprawl/api/service.pb.go:454.37,455.14 1 0
github.com/eqlabs/sprawl/api/service.pb.go:458.2,458.11 1 0
github.com/eqlabs/sprawl/api/service.pb.go:455.14,457.3 1 0
github.com/eqlabs/sprawl/api/service.pb.go:461.13,471.2 9 1
github.com/eqlabs/sprawl/api/service.pb.go:473.13,473.85 1 1
github.com/eqlabs/sprawl/api/service.pb.go:533.68,535.2 1 1
github.com/eqlabs/sprawl/api/service.pb.go:537.127,540.16 3 1
github.com/eqlabs/sprawl/api/service.pb.go:543.2,543.17 1 1
github.com/eqlabs/sprawl/api/service.pb.go:540.16,542.3 1 0
github.com/eqlabs/sprawl/api/service.pb.go:546.135,549.16 3 1
github.com/eqlabs/sprawl/api/service.pb.go:552.2,552.17 1 1
github.com/eqlabs/sprawl/api/service.pb.go:549.16,551.3 1 0
github.com/eqlabs/sprawl/api/service.pb.go:555.133,558.16 3 0
github.com/eqlabs/sprawl/api/service.pb.go:561.2,561.17 1 0
github.com/eqlabs/sprawl/api/service.pb.go:558.16,560.3 1 0
github.com/eqlabs/sprawl/api/service.pb.go:564.135,567.16 3 0
github.com/eqlabs/sprawl/api/service.pb.go:570.2,570.17 1 0
github.com/eqlabs/sprawl/api/service.pb.go:567.16,569.3 1 0
github.com/eqlabs/sprawl/api/service.pb.go:585.114,587.2 1 0
github.com/eqlabs/sprawl/api/service.pb.go:588.122,590.2 1 0
github.com/eqlabs/sprawl/api/service.pb.go:591.120,593.2 1 0
github.com/eqlabs/sprawl/api/service.pb.go:594.122,596.2 1 0
github.com/eqlabs/sprawl/api/service.pb.go:598.73,600.2 1 1
github.com/eqlabs/sprawl/api/service.pb.go:602.164,604.32 2 1
github.com/eqlabs/sprawl/api/service.pb.go:607.2,607.24 1 1
github.com/eqlabs/sprawl/api/service.pb.go:610.2,614.77 2 0
github.com/eqlabs/sprawl/api/service.pb.go:617.2,617.44 1 0
github.com/eqlabs/sprawl/api/service.pb.go:604.32,606.3 1 0
github.com/eqlabs/sprawl/api/service.pb.go:607.24,609.3 1 1
github.com/eqlabs/sprawl/api/service.pb.go:614.77,616.3 1 0
github.com/eqlabs/sprawl/api/service.pb.go:620.164,622.32 2 1
github.com/eqlabs/sprawl/api/service.pb.go:625.2,625.24 1 1
github.com/eqlabs/sprawl/api/service.pb.go:628.2,632.77 2 0
github.com/eqlabs/sprawl/api/service.pb.go:635.2,635.44 1 0
github.com/eqlabs/sprawl/api/service.pb.go:622.32,624.3 1 0
github.com/eqlabs/sprawl/api/service.pb.go:625.24,627.3 1 1
github.com/eqlabs/sprawl/api/service.pb.go:632.77,634.3 1 0
github.com/eqlabs/sprawl/api/service.pb.go:638.162,640.32 2 0
github.com/eqlabs/sprawl/api/service.pb.go:643.2,643.24 1 0
github.com/eqlabs/sprawl/api/service.pb.go:646.2,650.77 2 0
github.com/eqlabs/sprawl/api/service.pb.go:653.2,653.44 1 0
github.com/eqlabs/sprawl/api/service.pb.go:640.32,642.3 1 0
github.com/eqlabs/sprawl/api/service.pb.go:643.24,645.3 1 0
github.com/eqlabs/sprawl/api/service.pb.go:650.77,652.3 1 0
github.com/eqlabs/sprawl/api/service.pb.go:656.164,658.32 2 0
github.com/eqlabs/sprawl/api/service.pb.go:661.2,661.24 1 0
github.com/eqlabs/sprawl/api/service.pb.go:664.2,668.77 2 0
github.com/eqlabs/sprawl/api/service.pb.go:671.2,671.44 1 0
github.com/eqlabs/sprawl/api/service.pb.go:658.32,660.3 1 0
github.com/eqlabs/sprawl/api/service.pb.go:661.24,663.3 1 0
github.com/eqlabs/sprawl/api/service.pb.go:668.77,670.3 1 0
github.com/eqlabs/sprawl/api/service.pb.go:711.72,713.2 1 0
github.com/eqlabs/sprawl/api/service.pb.go:715.119,718.16 3 0
github.com/eqlabs/sprawl/api/service.pb.go:721.2,721.17 1 0
github.com/eqlabs/sprawl/api/service.pb.go:718.16,720.3 1 0
github.com/eqlabs/sprawl/api/service.pb.go:724.123,727.16 3 0
github.com/eqlabs/sprawl/api/service.pb.go:730.2,730.17 1 0
github.com/eqlabs/sprawl/api/service.pb.go:727.16,729.3 1 0
github.com/eqlabs/sprawl/api/service.pb.go:743.106,745.2 1 0
github.com/eqlabs/sprawl/api/service.pb.go:746.110,748.2 1 0
github.com/eqlabs/sprawl/api/service.pb.go:750.77,752.2 1 0
github.com/eqlabs/sprawl/api/service.pb.go:754.164,756.32 2 0
github.com/eqlabs/sprawl/api/service.pb.go:759.2,759.24 1 0
github.com/eqlabs/sprawl/api/service.pb.go:762.2,766.77 2 0
github.com/eqlabs/sprawl/api/service.pb.go:769.2,769.44 1 0
github.com/eqlabs/sprawl/api/service.pb.go:756.32,758.3 1 0
github.com/eqlabs/sprawl/api/service.pb.go:759.24,761.3 1 0
github.com/eqlabs/sprawl/api/service.pb.go:766.77,768.3 1 0
github.com/eqlabs/sprawl/api/service.pb.go:772.165,774.32 2 0
github.com/eqlabs/sprawl/api/service.pb.go:777.2,777.24 1 0
github.com/eqlabs/sprawl/api/service.pb.go:780.2,784.77 2 0
github.com/eqlabs/sprawl/api/service.pb.go:787.2,787.44 1 0
github.com/eqlabs/sprawl/api/service.pb.go:774.32,776.3 1 0
github.com/eqlabs/sprawl/api/service.pb.go:777.24,779.3 1 0
github.com/eqlabs/sprawl/api/service.pb.go:784.77,786.3 1 0
